.
в”њв”Ђв”Ђ _assets
в”‚  в””в”Ђв”Ђ anisBackend-asset.jpg
в”њв”Ђв”Ђ src
в”‚  в”њв”Ђв”Ђ configs
в”‚  в”‚  в”њв”Ђв”Ђ base.ts
в”‚  в”‚  в””в”Ђв”Ђ db.ts
в”‚  в”њв”Ђв”Ђ controllers
в”‚  в”‚  в”њв”Ђв”Ђ authController.ts
в”‚  в”‚  в”њв”Ђв”Ђ errorController.ts
в”‚  в”њв”Ђв”Ђ middlewares
в”‚  в”‚  в”њв”Ђв”Ђ errorMiddleware.ts
в”‚  в”‚  в””в”Ђв”Ђ validationMiddleware.ts
в”‚  в”њв”Ђв”Ђ models
в”‚  в”‚  в”њв”Ђв”Ђ authModels.ts
в”‚  в”њв”Ђв”Ђ public
в”‚  в”‚  в””в”Ђв”Ђ .gitkeep
в”‚  в”њв”Ђв”Ђ routes
в”‚  в”‚  в”њв”Ђв”Ђ authRoute.ts
в”‚  в”‚  в”њв”Ђв”Ђ base.ts
в”‚  в”њв”Ђв”Ђ uploads
в”‚  в”‚  в””в”Ђв”Ђ .gitkeep
в”‚  в”њв”Ђв”Ђ utils
в”‚  в”‚  в”њв”Ђв”Ђ AppError.ts
в”‚  в”‚  в”њв”Ђв”Ђ catchAsync.ts
в”‚  в”‚  в”њв”Ђв”Ђ HttpStatusCode.ts
в”‚  в”‚  в”њв”Ђв”Ђ logger.ts
в”‚  в”‚  в””в”Ђв”Ђ serverHandlers.ts
в”‚  в”њв”Ђв”Ђ app.ts
в”‚  в””в”Ђв”Ђ server.ts
в”њв”Ђв”Ђ .vscode
в”‚  в”њв”Ђв”Ђ extensions.json
в”‚  в”њв”Ђв”Ђ launch.json
в”‚  в””в”Ђв”Ђ settings.json
в”њв”Ђв”Ђ commitlint.config.ts
в”њв”Ђв”Ђ config.env
в”њв”Ђв”Ђ config.env.example
в”њв”Ђв”Ђ Dockerfile
в”њв”Ђв”Ђ .dockerignore
в”њв”Ђв”Ђ eslint.config.ts
в”њв”Ђв”Ђ .gitignore
в”њв”Ђв”Ђ .nvmrc
в”њв”Ђв”Ђ package.json
в”њв”Ђв”Ђ pnpm-lock.yaml
в”њв”Ђв”Ђ .prettierignore
в”њв”Ђв”Ђ .prettierrc
в””в”Ђв”Ђ tsconfig.json

13 directories, 41 files
